[INFO] Scanning for projects...
[WARNING] 
[WARNING] Some problems were encountered while building the effective model for org.demo:medium:jar:1.0.0
[WARNING] 'build.plugins.plugin.version' for org.apache.camel:camel-restdsl-openapi-plugin is missing. @ line 209, column 15
[WARNING] 
[WARNING] It is highly recommended to fix these problems because they threaten the stability of your build.
[WARNING] 
[WARNING] For this reason, future Maven versions might no longer support building such malformed projects.
[WARNING] 
[INFO] 
[INFO] --------------------------< org.demo:medium >---------------------------
[INFO] Building medium 1.0.0
[INFO] --------------------------------[ jar ]---------------------------------
[INFO] 
[INFO] --- maven-clean-plugin:2.5:clean (default-clean) @ medium ---
[INFO] Deleting /Users/bruno/workspace_tmm/sizing/revisit-camel-quarkus/camel-sizing-patterns/camelq/level2medium/target
[INFO] 
[INFO] --- quarkus-maven-plugin:2.2.5.SP2-redhat-00003:generate-code (default) @ medium ---
[INFO] 
[INFO] --- camel-restdsl-openapi-plugin:3.7.0.fuse-800004-redhat-00001:generate-xml (simple) @ medium ---
[INFO] Detected and using LRUCacheFactory: camel-caffeine-lrucache
[INFO] 
[INFO] --- maven-resources-plugin:2.6:resources (default-resources) @ medium ---
[INFO] Using 'UTF-8' encoding to copy filtered resources.
[INFO] Copying 14 resources
[INFO] 
[INFO] --- maven-compiler-plugin:3.8.1:compile (default-compile) @ medium ---
[INFO] Changes detected - recompiling the module!
[INFO] Compiling 1 source file to /Users/bruno/workspace_tmm/sizing/revisit-camel-quarkus/camel-sizing-patterns/camelq/level2medium/target/classes
[INFO] 
[INFO] --- quarkus-maven-plugin:2.2.5.SP2-redhat-00003:dev (default-cli) @ medium ---
[INFO] Invoking org.apache.maven.plugins:maven-resources-plugin:2.6:testResources @ medium
[INFO] Using 'UTF-8' encoding to copy filtered resources.
[INFO] Copying 2 resources
[INFO] Invoking org.apache.maven.plugins:maven-compiler-plugin:3.8.1:testCompile @ medium
[INFO] Changes detected - recompiling the module!
[INFO] Compiling 2 source files to /Users/bruno/workspace_tmm/sizing/revisit-camel-quarkus/camel-sizing-patterns/camelq/level2medium/target/test-classes
Listening for transport dt_socket at address: 5005
[INFO] ------------------------------------------------------------------------
[INFO] BUILD SUCCESS
[INFO] ------------------------------------------------------------------------
[INFO] Total time:  12.491 s
[INFO] Finished at: 2022-05-16T16:24:38+01:00
[INFO] ------------------------------------------------------------------------
